<?xml version="1.0" encoding="UTF-8"?>
<!-- Generated by org.testng.reporters.JUnitReportReporter -->
<testsuite hostname="LAPTOP-DN31N8B6" failures="0" tests="1" name="patchMethod" time="2.755" errors="0" timestamp="2021-02-19T21:38:53 IST" skipped="0">
  <testcase classname="patchMethod" name="putMethod" time="2.755"/>
  <system-out/>
</testsuite> <!-- patchMethod -->
