<?xml version="1.0" encoding="UTF-8"?>
<!-- Generated by org.testng.reporters.JUnitReportReporter -->
<testsuite hostname="LAPTOP-DN31N8B6" failures="0" tests="1" name="deleteMethod" time="2.596" errors="0" timestamp="2021-02-19T21:40:17 IST" skipped="0">
  <testcase classname="deleteMethod" name="deleteMethod" time="2.596"/>
  <system-out/>
</testsuite> <!-- deleteMethod -->
