<?xml version="1.0" encoding="UTF-8"?>
<!-- Generated by org.testng.reporters.JUnitReportReporter -->
<testsuite hostname="LAPTOP-DN31N8B6" failures="0" tests="1" name="putMethod" time="2.649" errors="0" timestamp="2021-02-19T21:32:25 IST" skipped="0">
  <testcase classname="putMethod" name="putMethod" time="2.649"/>
  <system-out/>
</testsuite> <!-- putMethod -->
