<?xml version="1.0" encoding="UTF-8"?>
<!-- Generated by org.testng.reporters.JUnitReportReporter -->
<testsuite hostname="LAPTOP-DN31N8B6" failures="0" tests="3" name="GetTest" time="3.458" errors="0" timestamp="2021-02-19T21:51:49 IST" skipped="0">
  <testcase classname="GetTest" name="getMethod4" time="0.205"/>
  <system-out/>
  <testcase classname="GetTest" name="getMethod2" time="3.058"/>
  <system-out/>
  <testcase classname="GetTest" name="getMethod3" time="0.195"/>
  <system-out/>
</testsuite> <!-- GetTest -->
