<?xml version="1.0" encoding="UTF-8"?>
<!-- Generated by org.testng.reporters.JUnitReportReporter -->
<testsuite hostname="LAPTOP-DN31N8B6" failures="0" tests="5" name="allMethods" time="2.186" errors="0" timestamp="2021-02-26T09:51:16 IST" skipped="0">
  <testcase classname="allMethods" name="get_Test" time="2.015"/>
  <system-out/>
  <testcase classname="allMethods" name="post_Test" time="0.084"/>
  <system-out/>
  <testcase classname="allMethods" name="patch_Test" time="0.028"/>
  <system-out/>
  <testcase classname="allMethods" name="put_Test" time="0.032"/>
  <system-out/>
  <testcase classname="allMethods" name="delete_Test" time="0.027"/>
  <system-out/>
</testsuite> <!-- allMethods -->
