<?xml version="1.0" encoding="UTF-8"?>
<!-- Generated by org.testng.reporters.JUnitReportReporter -->
<testsuite hostname="LAPTOP-DN31N8B6" failures="0" tests="1" name="PostTest" time="2.728" errors="0" timestamp="2021-02-19T21:42:46 IST" skipped="0">
  <testcase classname="PostTest" name="postMethod1" time="2.728"/>
  <system-out/>
</testsuite> <!-- PostTest -->
